{"message":"[mb:2525] Running with --allowInjection set. See http://localhost:2525/docs/security for security info","level":"warn","timestamp":"2020-10-04T06:19:07.860Z"}
{"message":"[mb:2525] mountebank v2.3.2 now taking orders - point your browser to http://localhost:2525/ for help","level":"info","timestamp":"2020-10-04T06:19:07.866Z"}
{"message":"[mb:2525] PUT /imposters","level":"info","timestamp":"2020-10-04T06:19:07.946Z"}
{"message":"[http:8000] Open for business...","level":"info","timestamp":"2020-10-04T06:19:08.098Z"}
{"message":"[http:8000] ::1:5797 => GET /api/v1/product","level":"info","timestamp":"2020-10-04T06:19:21.427Z"}
{"message":"[http:8000] ::1:5798 => GET /api/v1/product/2","level":"info","timestamp":"2020-10-04T06:19:21.460Z"}
{"message":"[http:8000] ::1:5799 => POST /api/v1/order","level":"info","timestamp":"2020-10-04T06:19:21.474Z"}
{"message":"[http:8000] ::1:5800 => POST /api/v1/confirmPayment","level":"info","timestamp":"2020-10-04T06:19:21.502Z"}
{"message":"[http:8000] ::1:5912 => GET /api/v1/product","level":"info","timestamp":"2020-10-04T06:20:46.446Z"}
{"message":"[http:8000] ::1:6008 => GET /api/v1/product","level":"info","timestamp":"2020-10-04T06:21:56.889Z"}
{"message":"[http:8000] ::1:6010 => GET /api/v1/product/2","level":"info","timestamp":"2020-10-04T06:21:56.920Z"}
{"message":"[http:8000] ::1:6011 => POST /api/v1/order","level":"info","timestamp":"2020-10-04T06:21:56.934Z"}
{"message":"[http:8000] ::1:6012 => POST /api/v1/confirmPayment","level":"info","timestamp":"2020-10-04T06:21:56.950Z"}
{"message":"[http:8000] ::1:6074 => GET /api/v1/confirmPayment","level":"info","timestamp":"2020-10-04T06:22:35.844Z"}
{"message":"[http:8000] ::1:6073 => GET /api/v1/product","level":"info","timestamp":"2020-10-04T06:22:55.268Z"}
{"message":"[http:8000] ::1:6159 => GET /api/v1/product","level":"info","timestamp":"2020-10-04T06:23:48.708Z"}
{"message":"[http:8000] ::1:6187 => GET /api/v1/product","level":"info","timestamp":"2020-10-04T06:24:08.615Z"}
{"message":"[http:8000] ::1:6203 => GET /api/v1/product","level":"info","timestamp":"2020-10-04T06:24:17.327Z"}
{"message":"[http:8000] ::1:6228 => GET /api/v1/product","level":"info","timestamp":"2020-10-04T06:24:30.614Z"}
{"message":"[http:8000] ::1:6229 => GET /api/v1/product/2","level":"info","timestamp":"2020-10-04T06:24:30.642Z"}
{"message":"[http:8000] ::1:6246 => GET /api/v1/product","level":"info","timestamp":"2020-10-04T06:24:43.014Z"}
{"message":"[http:8000] ::1:6247 => GET /api/v1/product/2","level":"info","timestamp":"2020-10-04T06:24:43.043Z"}
{"message":"[http:8000] ::1:6248 => POST /api/v1/order","level":"info","timestamp":"2020-10-04T06:24:43.056Z"}
{"message":"[http:8000] ::1:6271 => GET /api/v1/product","level":"info","timestamp":"2020-10-04T06:24:56.494Z"}
{"message":"[http:8000] ::1:6272 => GET /api/v1/product/2","level":"info","timestamp":"2020-10-04T06:24:56.523Z"}
{"message":"[http:8000] ::1:6273 => POST /api/v1/order","level":"info","timestamp":"2020-10-04T06:24:56.531Z"}
{"message":"[http:8000] ::1:6274 => POST /api/v1/confirmPayment","level":"info","timestamp":"2020-10-04T06:24:56.547Z"}
{"message":"[http:8000] ::1:6461 => GET /api/v1/product","level":"info","timestamp":"2020-10-04T06:27:05.486Z"}
{"message":"[http:8000] ::1:6462 => GET /api/v1/product/2","level":"info","timestamp":"2020-10-04T06:27:05.518Z"}
{"message":"[http:8000] ::1:6464 => POST /api/v1/order","level":"info","timestamp":"2020-10-04T06:27:05.526Z"}
{"message":"[http:8000] ::1:6465 => POST /api/v1/confirmPayment","level":"info","timestamp":"2020-10-04T06:27:05.544Z"}
{"message":"[http:8000] ::1:6522 => GET /api/v1/product","level":"info","timestamp":"2020-10-04T06:27:45.195Z"}
{"message":"[http:8000] ::1:6523 => GET /api/v1/product/2","level":"info","timestamp":"2020-10-04T06:27:45.233Z"}
{"message":"[http:8000] ::1:6524 => POST /api/v1/order","level":"info","timestamp":"2020-10-04T06:27:45.266Z"}
{"message":"[http:8000] ::1:6538 => GET /api/v1/product","level":"info","timestamp":"2020-10-04T06:27:54.768Z"}
{"message":"[http:8000] ::1:6539 => GET /api/v1/product/2","level":"info","timestamp":"2020-10-04T06:27:54.797Z"}
{"message":"[http:8000] ::1:6540 => POST /api/v1/order","level":"info","timestamp":"2020-10-04T06:27:54.811Z"}
{"message":"[http:8000] ::1:6541 => POST /api/v1/confirmPayment","level":"info","timestamp":"2020-10-04T06:27:54.833Z"}
{"message":"[http:8000] ::1:6782 => GET /api/v1/product","level":"info","timestamp":"2020-10-04T06:31:10.136Z"}
{"message":"[http:8000] ::1:6783 => GET /api/v1/product/2","level":"info","timestamp":"2020-10-04T06:31:10.168Z"}
{"message":"[http:8000] ::1:6784 => POST /api/v1/order","level":"info","timestamp":"2020-10-04T06:31:10.195Z"}
{"message":"[http:8000] ::1:6785 => POST /api/v1/confirmPayment","level":"info","timestamp":"2020-10-04T06:31:10.229Z"}
{"message":"[http:8000] ::1:7053 => GET /api/v1/product","level":"info","timestamp":"2020-10-04T06:34:03.941Z"}
{"message":"[http:8000] ::1:7054 => GET /api/v1/product/2","level":"info","timestamp":"2020-10-04T06:34:03.969Z"}
{"message":"[http:8000] ::1:7055 => POST /api/v1/order","level":"info","timestamp":"2020-10-04T06:34:03.981Z"}
{"message":"[http:8000] ::1:7056 => POST /api/v1/confirmPayment","level":"info","timestamp":"2020-10-04T06:34:03.997Z"}
{"message":"[http:8000] ::1:7727 => GET /api/v1/product","level":"info","timestamp":"2020-10-04T06:41:09.880Z"}
{"message":"[http:8000] ::1:7728 => GET /api/v1/product/2","level":"info","timestamp":"2020-10-04T06:41:09.913Z"}
{"message":"[http:8000] ::1:7849 => GET /api/v1/product","level":"info","timestamp":"2020-10-04T06:42:36.882Z"}
{"message":"[http:8000] ::1:7850 => GET /api/v1/product/2","level":"info","timestamp":"2020-10-04T06:42:36.904Z"}
{"message":"[http:8000] ::1:7852 => POST /api/v1/order","level":"info","timestamp":"2020-10-04T06:42:36.916Z"}
{"message":"[http:8000] ::1:7853 => POST /api/v1/confirmPayment","level":"info","timestamp":"2020-10-04T06:42:36.931Z"}
{"message":"[http:8000] ::1:7981 => GET /api/v1/product","level":"info","timestamp":"2020-10-04T06:44:12.025Z"}
{"message":"[http:8000] ::1:7983 => GET /api/v1/product/2","level":"info","timestamp":"2020-10-04T06:44:12.054Z"}
{"message":"[http:8000] ::1:7984 => POST /api/v1/order","level":"info","timestamp":"2020-10-04T06:44:12.067Z"}
{"message":"[http:8000] ::1:7985 => POST /api/v1/confirmPayment","level":"info","timestamp":"2020-10-04T06:44:12.082Z"}
{"message":"[http:8000] ::1:8234 => GET /api/v1/product","level":"info","timestamp":"2020-10-04T06:46:58.090Z"}
{"message":"[http:8000] ::1:8235 => GET /api/v1/product/2","level":"info","timestamp":"2020-10-04T06:46:58.123Z"}
{"message":"[http:8000] ::1:8324 => GET /api/v1/product","level":"info","timestamp":"2020-10-04T06:48:17.019Z"}
{"message":"[http:8000] ::1:8325 => GET /api/v1/product/2","level":"info","timestamp":"2020-10-04T06:48:17.064Z"}
{"message":"[http:8000] ::1:8503 => GET /api/v1/product","level":"info","timestamp":"2020-10-04T06:50:30.888Z"}
{"message":"[http:8000] ::1:8504 => GET /api/v1/product/2","level":"info","timestamp":"2020-10-04T06:50:30.911Z"}
{"message":"[http:8000] ::1:8559 => GET /api/v1/product","level":"info","timestamp":"2020-10-04T06:51:07.546Z"}
{"message":"[http:8000] ::1:8560 => GET /api/v1/product/2","level":"info","timestamp":"2020-10-04T06:51:07.565Z"}
{"message":"[http:8000] ::1:8906 => GET /api/v1/product","level":"info","timestamp":"2020-10-04T06:55:12.606Z"}
{"message":"[http:8000] ::1:8907 => GET /api/v1/product/2","level":"info","timestamp":"2020-10-04T06:55:12.628Z"}
{"message":"[http:8000] ::1:8933 => GET /api/v1/product","level":"info","timestamp":"2020-10-04T06:55:28.245Z"}
{"message":"[http:8000] ::1:8934 => GET /api/v1/product/2","level":"info","timestamp":"2020-10-04T06:55:28.265Z"}
{"message":"[http:8000] ::1:9140 => GET /api/v1/product","level":"info","timestamp":"2020-10-04T06:57:46.216Z"}
{"message":"[http:8000] ::1:9141 => GET /api/v1/product/2","level":"info","timestamp":"2020-10-04T06:57:46.236Z"}
{"message":"[http:8000] ::1:9142 => POST /api/v1/order","level":"info","timestamp":"2020-10-04T06:57:46.246Z"}
{"message":"[http:8000] ::1:9143 => POST /api/v1/confirmPayment","level":"info","timestamp":"2020-10-04T06:57:46.258Z"}
{"message":"[http:8000] ::1:9216 => GET /api/v1/product","level":"info","timestamp":"2020-10-04T06:58:32.133Z"}
{"message":"[http:8000] ::1:9217 => GET /api/v1/product/2","level":"info","timestamp":"2020-10-04T06:58:32.162Z"}
{"message":"[http:8000] ::1:9250 => GET /api/v1/product","level":"info","timestamp":"2020-10-04T06:58:55.864Z"}
{"message":"[http:8000] ::1:9251 => GET /api/v1/product/2","level":"info","timestamp":"2020-10-04T06:58:55.892Z"}
{"message":"[http:8000] ::1:9868 => GET /api/v1/product","level":"info","timestamp":"2020-10-04T07:05:56.849Z"}
{"message":"[http:8000] ::1:9869 => GET /api/v1/product/2","level":"info","timestamp":"2020-10-04T07:05:56.868Z"}
{"message":"[http:8000] ::1:9960 => GET /api/v1/product","level":"info","timestamp":"2020-10-04T07:07:13.961Z"}
{"message":"[http:8000] ::1:9961 => GET /api/v1/product/2","level":"info","timestamp":"2020-10-04T07:07:13.990Z"}
{"message":"[http:8000] ::1:10023 => GET /api/v1/product","level":"info","timestamp":"2020-10-04T07:08:03.309Z"}
{"message":"[http:8000] ::1:10024 => GET /api/v1/product/2","level":"info","timestamp":"2020-10-04T07:08:03.331Z"}
{"message":"[http:8000] ::1:10234 => GET /api/v1/product","level":"info","timestamp":"2020-10-04T07:09:56.254Z"}
{"message":"[http:8000] ::1:10235 => GET /api/v1/product/2","level":"info","timestamp":"2020-10-04T07:09:56.281Z"}
{"message":"[http:8000] ::1:10448 => GET /api/v1/product","level":"info","timestamp":"2020-10-04T07:12:40.045Z"}
{"message":"[http:8000] ::1:10449 => GET /api/v1/product/2","level":"info","timestamp":"2020-10-04T07:12:40.069Z"}
{"message":"[http:8000] ::1:10450 => POST /api/v1/order","level":"info","timestamp":"2020-10-04T07:12:40.080Z"}
{"message":"[http:8000] ::1:10515 => GET /api/v1/product","level":"info","timestamp":"2020-10-04T07:13:27.970Z"}
{"message":"[http:8000] ::1:10516 => GET /api/v1/product/2","level":"info","timestamp":"2020-10-04T07:13:27.990Z"}
{"message":"[http:8000] ::1:10517 => POST /api/v1/order","level":"info","timestamp":"2020-10-04T07:13:28.015Z"}
{"message":"[http:8000] ::1:10518 => POST /api/v1/confirmPayment","level":"info","timestamp":"2020-10-04T07:13:28.034Z"}
{"message":"[http:8000] ::1:11693 => GET /api/v1/product","level":"info","timestamp":"2020-10-04T07:29:54.760Z"}
{"message":"[http:8000] ::1:11694 => GET /api/v1/product/2","level":"info","timestamp":"2020-10-04T07:29:54.786Z"}
{"message":"[http:8000] ::1:11695 => POST /api/v1/order","level":"info","timestamp":"2020-10-04T07:29:54.794Z"}
{"message":"[http:8000] ::1:11696 => POST /api/v1/confirmPayment","level":"info","timestamp":"2020-10-04T07:29:54.812Z"}
{"message":"[http:8000] ::1:11697 => GET /api/v1/product","level":"info","timestamp":"2020-10-04T07:29:54.830Z"}
{"message":"[http:8000] ::1:11698 => GET /api/v1/product/1","level":"info","timestamp":"2020-10-04T07:29:54.857Z"}
{"message":"[http:8000] ::1:11746 => GET /api/v1/product","level":"info","timestamp":"2020-10-04T07:30:33.655Z"}
{"message":"[http:8000] ::1:11747 => GET /api/v1/product/2","level":"info","timestamp":"2020-10-04T07:30:33.683Z"}
{"message":"[http:8000] ::1:11748 => POST /api/v1/order","level":"info","timestamp":"2020-10-04T07:30:33.694Z"}
{"message":"[http:8000] ::1:11749 => POST /api/v1/confirmPayment","level":"info","timestamp":"2020-10-04T07:30:33.712Z"}
{"message":"[http:8000] ::1:11750 => GET /api/v1/product","level":"info","timestamp":"2020-10-04T07:30:33.736Z"}
{"message":"[http:8000] ::1:11751 => GET /api/v1/product/1","level":"info","timestamp":"2020-10-04T07:30:33.764Z"}
{"message":"[http:8000] ::1:11752 => POST /api/v1/order","level":"info","timestamp":"2020-10-04T07:30:33.773Z"}
{"message":"[http:8000] ::1:11796 => GET /api/v1/product","level":"info","timestamp":"2020-10-04T07:31:07.156Z"}
{"message":"[http:8000] ::1:11797 => GET /api/v1/product/2","level":"info","timestamp":"2020-10-04T07:31:07.175Z"}
{"message":"[http:8000] ::1:11798 => POST /api/v1/order","level":"info","timestamp":"2020-10-04T07:31:07.185Z"}
{"message":"[http:8000] ::1:11799 => POST /api/v1/confirmPayment","level":"info","timestamp":"2020-10-04T07:31:07.206Z"}
{"message":"[http:8000] ::1:11800 => GET /api/v1/product","level":"info","timestamp":"2020-10-04T07:31:07.231Z"}
{"message":"[http:8000] ::1:11801 => GET /api/v1/product/1","level":"info","timestamp":"2020-10-04T07:31:07.260Z"}
{"message":"[http:8000] ::1:11802 => POST /api/v1/order","level":"info","timestamp":"2020-10-04T07:31:07.277Z"}
{"message":"[http:8000] ::1:11803 => POST /api/v1/confirmPayment","level":"info","timestamp":"2020-10-04T07:31:07.298Z"}
{"message":"[http:8000] ::1:12392 => GET /api/v1/product","level":"info","timestamp":"2020-10-04T07:38:37.886Z"}
{"message":"[http:8000] ::1:12393 => GET /api/v1/product/2","level":"info","timestamp":"2020-10-04T07:38:37.918Z"}
{"message":"[http:8000] ::1:12394 => POST /api/v1/order","level":"info","timestamp":"2020-10-04T07:38:37.926Z"}
{"message":"[http:8000] ::1:12395 => POST /api/v1/confirmPayment","level":"info","timestamp":"2020-10-04T07:38:37.943Z"}
{"message":"[http:8000] ::1:12396 => GET /api/v1/product","level":"info","timestamp":"2020-10-04T07:38:37.964Z"}
{"message":"[http:8000] ::1:12397 => GET /api/v1/product/1","level":"info","timestamp":"2020-10-04T07:38:37.985Z"}
{"message":"[http:8000] ::1:12398 => POST /api/v1/order","level":"info","timestamp":"2020-10-04T07:38:37.993Z"}
{"message":"[http:8000] ::1:12399 => POST /api/v1/confirmPayment","level":"info","timestamp":"2020-10-04T07:38:38.022Z"}
{"message":"[http:8000] ::1:12400 => GET /api/v1/product","level":"info","timestamp":"2020-10-04T07:38:38.047Z"}
{"message":"[http:8000] ::1:12402 => GET /api/v1/product/2","level":"info","timestamp":"2020-10-04T07:38:38.066Z"}
{"message":"[http:8000] ::1:12403 => POST /api/v1/order","level":"info","timestamp":"2020-10-04T07:38:38.079Z"}
{"message":"[http:8000] ::1:12404 => POST /api/v1/confirmPayment","level":"info","timestamp":"2020-10-04T07:38:38.093Z"}
{"message":"[http:8000] ::1:12442 => GET /api/v1/product","level":"info","timestamp":"2020-10-04T07:39:08.900Z"}
{"message":"[http:8000] ::1:12443 => GET /api/v1/product/2","level":"info","timestamp":"2020-10-04T07:39:08.919Z"}
{"message":"[http:8000] ::1:12444 => POST /api/v1/order","level":"info","timestamp":"2020-10-04T07:39:08.932Z"}
{"message":"[http:8000] ::1:12445 => POST /api/v1/confirmPayment","level":"info","timestamp":"2020-10-04T07:39:08.947Z"}
{"message":"[http:8000] ::1:12460 => GET /api/v1/product","level":"info","timestamp":"2020-10-04T07:39:19.882Z"}
{"message":"[http:8000] ::1:12461 => GET /api/v1/product/2","level":"info","timestamp":"2020-10-04T07:39:19.900Z"}
{"message":"[http:8000] ::1:12462 => POST /api/v1/order","level":"info","timestamp":"2020-10-04T07:39:19.913Z"}
{"message":"[http:8000] ::1:12463 => POST /api/v1/confirmPayment","level":"info","timestamp":"2020-10-04T07:39:19.929Z"}
{"message":"[http:8000] ::1:12575 => GET /api/v1/product","level":"info","timestamp":"2020-10-04T07:40:41.705Z"}
{"message":"[http:8000] ::1:12576 => GET /api/v1/product/2","level":"info","timestamp":"2020-10-04T07:40:41.723Z"}
{"message":"[http:8000] ::1:12577 => POST /api/v1/order","level":"info","timestamp":"2020-10-04T07:40:41.737Z"}
{"message":"[http:8000] ::1:12578 => POST /api/v1/confirmPayment","level":"info","timestamp":"2020-10-04T07:40:41.752Z"}
{"message":"[http:8000] ::1:12579 => GET /api/v1/product","level":"info","timestamp":"2020-10-04T07:40:41.779Z"}
{"message":"[http:8000] ::1:12581 => GET /api/v1/product/2","level":"info","timestamp":"2020-10-04T07:40:41.798Z"}
{"message":"[http:8000] ::1:12635 => GET /api/v1/product","level":"info","timestamp":"2020-10-04T07:41:35.189Z"}
{"message":"[http:8000] ::1:12636 => GET /api/v1/product/2","level":"info","timestamp":"2020-10-04T07:41:35.207Z"}
{"message":"[http:8000] ::1:12637 => GET /api/v1/product","level":"info","timestamp":"2020-10-04T07:41:35.229Z"}
{"message":"[http:8000] ::1:12638 => GET /api/v1/product/2","level":"info","timestamp":"2020-10-04T07:41:35.246Z"}
{"message":"[http:8000] ::1:12639 => POST /api/v1/order","level":"info","timestamp":"2020-10-04T07:41:35.260Z"}
{"message":"[http:8000] ::1:12640 => POST /api/v1/confirmPayment","level":"info","timestamp":"2020-10-04T07:41:35.277Z"}
{"message":"[http:8000] ::1:12965 => GET /api/v1/product","level":"info","timestamp":"2020-10-04T07:46:29.096Z"}
{"message":"[http:8000] ::1:12966 => GET /api/v1/product/2","level":"info","timestamp":"2020-10-04T07:46:29.116Z"}
{"message":"[http:8000] ::1:12967 => POST /api/v1/order","level":"info","timestamp":"2020-10-04T07:46:29.129Z"}
{"message":"[http:8000] ::1:12968 => POST /api/v1/confirmPayment","level":"info","timestamp":"2020-10-04T07:46:29.145Z"}
{"message":"[http:8000] ::1:12995 => GET /api/v1/product","level":"info","timestamp":"2020-10-04T07:46:51.894Z"}
{"message":"[http:8000] ::1:12996 => GET /api/v1/product/2","level":"info","timestamp":"2020-10-04T07:46:51.918Z"}
{"message":"[http:8000] ::1:12997 => POST /api/v1/order","level":"info","timestamp":"2020-10-04T07:46:51.928Z"}
{"message":"[http:8000] ::1:12998 => POST /api/v1/confirmPayment","level":"info","timestamp":"2020-10-04T07:46:51.945Z"}
{"message":"[http:8000] ::1:12999 => GET /api/v1/product","level":"info","timestamp":"2020-10-04T07:46:51.973Z"}
{"message":"[http:8000] ::1:13000 => GET /api/v1/product/2","level":"info","timestamp":"2020-10-04T07:46:51.991Z"}
{"message":"[http:8000] ::1:13505 => GET /api/v1/product","level":"info","timestamp":"2020-10-04T07:53:47.487Z"}
{"message":"[http:8000] ::1:13506 => GET /api/v1/product/2","level":"info","timestamp":"2020-10-04T07:53:47.510Z"}
{"message":"[http:8000] ::1:13507 => POST /api/v1/order","level":"info","timestamp":"2020-10-04T07:53:47.523Z"}
{"message":"[http:8000] ::1:13508 => POST /api/v1/confirmPayment","level":"info","timestamp":"2020-10-04T07:53:47.540Z"}
{"message":"[http:8000] ::1:13509 => GET /api/v1/product","level":"info","timestamp":"2020-10-04T07:53:47.560Z"}
{"message":"[http:8000] ::1:13510 => GET /api/v1/product/2","level":"info","timestamp":"2020-10-04T07:53:47.587Z"}
{"message":"[http:8000] ::1:13713 => GET /api/v1/product","level":"info","timestamp":"2020-10-04T07:55:56.432Z"}
{"message":"[http:8000] ::1:13714 => GET /api/v1/product/1","level":"info","timestamp":"2020-10-04T07:55:56.455Z"}
{"message":"[http:8000] ::1:13715 => GET /api/v1/product","level":"info","timestamp":"2020-10-04T07:55:56.507Z"}
{"message":"[http:8000] ::1:13716 => GET /api/v1/product/1","level":"info","timestamp":"2020-10-04T07:55:56.531Z"}
{"message":"[http:8000] ::1:13717 => POST /api/v1/order","level":"info","timestamp":"2020-10-04T07:55:56.542Z"}
{"message":"[http:8000] ::1:13818 => GET /api/v1/product","level":"info","timestamp":"2020-10-04T07:56:58.117Z"}
{"message":"[http:8000] ::1:13819 => GET /api/v1/product/2","level":"info","timestamp":"2020-10-04T07:56:58.129Z"}
{"message":"[http:8000] ::1:13820 => POST /api/v1/order","level":"info","timestamp":"2020-10-04T07:56:58.142Z"}
{"message":"[http:8000] ::1:13821 => POST /api/v1/confirmPayment","level":"info","timestamp":"2020-10-04T07:56:58.160Z"}
{"message":"[http:8000] ::1:13822 => GET /api/v1/product","level":"info","timestamp":"2020-10-04T07:56:58.180Z"}
{"message":"[http:8000] ::1:13823 => GET /api/v1/product/1","level":"info","timestamp":"2020-10-04T07:56:58.191Z"}
{"message":"[http:8000] ::1:13824 => POST /api/v1/order","level":"info","timestamp":"2020-10-04T07:56:58.205Z"}
{"message":"[http:8000] ::1:13825 => POST /api/v1/confirmPayment","level":"info","timestamp":"2020-10-04T07:56:58.221Z"}
{"message":"[http:8000] ::1:13951 => GET /api/v1/product","level":"info","timestamp":"2020-10-04T07:58:40.924Z"}
{"message":"[http:8000] ::1:13952 => GET /api/v1/product/2","level":"info","timestamp":"2020-10-04T07:58:40.937Z"}
{"message":"[http:8000] ::1:13954 => POST /api/v1/order","level":"info","timestamp":"2020-10-04T07:58:40.952Z"}
{"message":"[http:8000] ::1:13955 => POST /api/v1/confirmPayment","level":"info","timestamp":"2020-10-04T07:58:40.964Z"}
{"message":"[http:8000] ::1:13957 => GET /api/v1/product","level":"info","timestamp":"2020-10-04T07:58:40.992Z"}
{"message":"[http:8000] ::1:13958 => GET /api/v1/product/1","level":"info","timestamp":"2020-10-04T07:58:41.006Z"}
{"message":"[http:8000] ::1:13959 => POST /api/v1/order","level":"info","timestamp":"2020-10-04T07:58:41.020Z"}
{"message":"[http:8000] ::1:13960 => POST /api/v1/confirmPayment","level":"info","timestamp":"2020-10-04T07:58:41.041Z"}
{"message":"[http:8000] ::1:1464 => GET /api/v1/product","level":"info","timestamp":"2020-10-04T08:18:43.180Z"}
{"message":"[http:8000] ::1:1465 => GET /api/v1/product/2","level":"info","timestamp":"2020-10-04T08:18:43.193Z"}
{"message":"[http:8000] ::1:1466 => POST /api/v1/order","level":"info","timestamp":"2020-10-04T08:18:43.203Z"}
{"message":"[http:8000] ::1:1467 => POST /api/v1/confirmPayment","level":"info","timestamp":"2020-10-04T08:18:43.216Z"}
{"message":"[http:8000] ::1:1468 => GET /api/v1/product","level":"info","timestamp":"2020-10-04T08:18:43.234Z"}
{"message":"[http:8000] ::1:1469 => GET /api/v1/product/1","level":"info","timestamp":"2020-10-04T08:18:43.246Z"}
{"message":"[http:8000] ::1:1470 => POST /api/v1/order","level":"info","timestamp":"2020-10-04T08:18:43.258Z"}
{"message":"[http:8000] ::1:1471 => POST /api/v1/confirmPayment","level":"info","timestamp":"2020-10-04T08:18:43.275Z"}
{"message":"[http:8000] ::1:1586 => GET /api/v1/product","level":"info","timestamp":"2020-10-04T08:20:23.094Z"}
{"message":"[http:8000] ::1:1587 => GET /api/v1/product/2","level":"info","timestamp":"2020-10-04T08:20:23.107Z"}
{"message":"[http:8000] ::1:1588 => POST /api/v1/order","level":"info","timestamp":"2020-10-04T08:20:23.117Z"}
{"message":"[http:8000] ::1:1589 => POST /api/v1/confirmPayment","level":"info","timestamp":"2020-10-04T08:20:23.132Z"}
{"message":"[http:8000] ::1:1590 => GET /api/v1/product","level":"info","timestamp":"2020-10-04T08:20:23.156Z"}
{"message":"[http:8000] ::1:1591 => GET /api/v1/product/1","level":"info","timestamp":"2020-10-04T08:20:23.164Z"}
{"message":"[http:8000] ::1:1592 => POST /api/v1/order","level":"info","timestamp":"2020-10-04T08:20:23.178Z"}
{"message":"[http:8000] ::1:1593 => POST /api/v1/confirmPayment","level":"info","timestamp":"2020-10-04T08:20:23.195Z"}
{"message":"[mb:2525] Adios - see you soon?","level":"info","timestamp":"2020-10-04T08:24:00.018Z"}
